\BOOKMARK [0][-]{chapter*.1}{Abstract}{}% 1
\BOOKMARK [0][-]{toc.0}{Contents}{}% 2
\BOOKMARK [0][-]{chapter.1}{Introduction}{}% 3
\BOOKMARK [0][-]{chapter.2}{Motivation}{}% 4
\BOOKMARK [0][-]{chapter.3}{Related Work}{}% 5
\BOOKMARK [1][-]{section.3.1}{Computer Vision}{chapter.3}% 6
\BOOKMARK [2][-]{subsection.3.1.1}{OpenCV Based Road Sign Recognition on Zynq}{section.3.1}% 7
\BOOKMARK [2][-]{subsection.3.1.2}{Other approaches}{section.3.1}% 8
\BOOKMARK [1][-]{section.3.2}{Machine Learning}{chapter.3}% 9
\BOOKMARK [2][-]{subsection.3.2.1}{ICJNN}{section.3.2}% 10
\BOOKMARK [2][-]{subsection.3.2.2}{More traditional approaches}{section.3.2}% 11
\BOOKMARK [1][-]{section.3.3}{Deep Learning}{chapter.3}% 12
\BOOKMARK [2][-]{subsection.3.3.1}{Real-time Traffic Sign Recognition System with Deep Convolutional Neural Network}{section.3.3}% 13
\BOOKMARK [2][-]{subsection.3.3.2}{Common neural networks}{section.3.3}% 14
\BOOKMARK [1][-]{section.3.4}{Conclusion}{chapter.3}% 15
\BOOKMARK [0][-]{chapter.4}{Artificial Neural Networks}{}% 16
\BOOKMARK [1][-]{section.4.1}{Fundamentals}{chapter.4}% 17
\BOOKMARK [2][-]{subsection.4.1.1}{General}{section.4.1}% 18
\BOOKMARK [2][-]{subsection.4.1.2}{Neurons}{section.4.1}% 19
\BOOKMARK [2][-]{subsection.4.1.3}{From neurons To networks}{section.4.1}% 20
\BOOKMARK [1][-]{section.4.2}{Common Types}{chapter.4}% 21
\BOOKMARK [0][-]{chapter.5}{Concept}{}% 22
\BOOKMARK [1][-]{section.5.1}{Detection}{chapter.5}% 23
\BOOKMARK [2][-]{subsection.5.1.1}{Circle Hough Transform}{section.5.1}% 24
\BOOKMARK [1][-]{section.5.2}{Classification}{chapter.5}% 25
\BOOKMARK [2][-]{subsection.5.2.1}{Model}{section.5.2}% 26
\BOOKMARK [0][-]{chapter.6}{Integration into existing Android App}{}% 27
\BOOKMARK [0][-]{chapter.7}{Implementation}{}% 28
\BOOKMARK [1][-]{section.7.1}{Development preliminary}{chapter.7}% 29
\BOOKMARK [2][-]{subsection.7.1.1}{Target device}{section.7.1}% 30
\BOOKMARK [2][-]{subsection.7.1.2}{Native Development Kit}{section.7.1}% 31
\BOOKMARK [1][-]{section.7.2}{Detection}{chapter.7}% 32
\BOOKMARK [1][-]{section.7.3}{Classification}{chapter.7}% 33
\BOOKMARK [2][-]{subsection.7.3.1}{Building Neural Network with Tensorflow}{section.7.3}% 34
\BOOKMARK [2][-]{subsection.7.3.2}{Preparing training data}{section.7.3}% 35
\BOOKMARK [2][-]{subsection.7.3.3}{Tensorflow Sessions}{section.7.3}% 36
\BOOKMARK [2][-]{subsection.7.3.4}{Training and saving}{section.7.3}% 37
\BOOKMARK [2][-]{subsection.7.3.5}{Inference}{section.7.3}% 38
\BOOKMARK [0][-]{chapter.8}{Evaluation}{}% 39
\BOOKMARK [1][-]{section.8.1}{Showcase}{chapter.8}% 40
\BOOKMARK [1][-]{section.8.2}{Transition to Android}{chapter.8}% 41
\BOOKMARK [0][-]{chapter.9}{Limitations}{}% 42
\BOOKMARK [0][-]{chapter.10}{Future work}{}% 43
\BOOKMARK [0][-]{chapter.11}{Conclusion}{}% 44
\BOOKMARK [0][-]{chapter*.30}{List of Figures}{}% 45
\BOOKMARK [0][-]{chapter*.31}{List of Tables}{}% 46
\BOOKMARK [0][-]{chapter*.32}{Bibliography}{}% 47
